2025-05-03 10:53:00 | DEBUG | repo=pv243-a4m36jee-2016-security-seminar | action=edit | files=2
2025-02-03 08:01:00 | WARN | repo=pv243-a4m36jee-2016-security-seminar | action=test | passed=true
2025-10-22 21:43:00 | DEBUG | repo=pv243-a4m36jee-2016-security-seminar | action=pull
2025-01-21 21:48:00 | WARN | repo=pv243-a4m36jee-2016-security-seminar | action=test | passed=true
2025-12-07 14:08:00 | DEBUG | repo=pv243-a4m36jee-2016-security-seminar | action=commit
2025-04-01 20:43:00 | DEBUG | repo=pv243-a4m36jee-2016-security-seminar | action=edit | files=2
2025-05-01 07:57:00 | WARN | repo=pv243-a4m36jee-2016-security-seminar | action=commit
2025-04-22 20:32:00 | WARN | repo=pv243-a4m36jee-2016-security-seminar | action=commit
2025-04-10 20:33:00 | INFO | repo=pv243-a4m36jee-2016-security-seminar | action=edit | files=1
2025-10-08 18:34:00 | WARN | repo=pv243-a4m36jee-2016-security-seminar | action=pull
2025-06-24 10:14:00 | DEBUG | repo=pv243-a4m36jee-2016-security-seminar | action=edit | files=3
2025-03-26 20:59:00 | DEBUG | repo=pv243-a4m36jee-2016-security-seminar | action=edit | files=1
2025-12-07 08:51:00 | DEBUG | repo=pv243-a4m36jee-2016-security-seminar | action=pull
2025-12-17 20:14:00 | INFO | repo=pv243-a4m36jee-2016-security-seminar | action=commit
2025-09-24 20:36:00 | DEBUG | repo=pv243-a4m36jee-2016-security-seminar | action=edit | files=3
2025-02-01 18:39:00 | DEBUG | repo=pv243-a4m36jee-2016-security-seminar | action=commit
2025-09-15 10:14:00 | DEBUG | repo=pv243-a4m36jee-2016-security-seminar | action=edit | files=3
2025-10-27 10:32:00 | WARN | repo=pv243-a4m36jee-2016-security-seminar | action=test | passed=true
2025-04-25 14:57:00 | WARN | repo=pv243-a4m36jee-2016-security-seminar | action=test | passed=true
2025-07-02 11:26:00 | WARN | repo=pv243-a4m36jee-2016-security-seminar | action=test | passed=true
2025-11-10 14:04:00 | DEBUG | repo=pv243-a4m36jee-2016-security-seminar | action=commit
2025-08-28 07:33:00 | DEBUG | repo=pv243-a4m36jee-2016-security-seminar | action=commit
2025-05-26 21:01:00 | WARN | repo=pv243-a4m36jee-2016-security-seminar | action=commit
2025-09-20 15:50:00 | DEBUG | repo=pv243-a4m36jee-2016-security-seminar | action=commit
2025-01-23 07:15:00 | WARN | repo=pv243-a4m36jee-2016-security-seminar | action=commit
2025-02-06 19:31:00 | WARN | repo=pv243-a4m36jee-2016-security-seminar | action=pull
2025-12-22 15:00:00 | WARN | repo=pv243-a4m36jee-2016-security-seminar | action=edit | files=3
2025-06-03 13:45:00 | WARN | repo=pv243-a4m36jee-2016-security-seminar | action=edit | files=4
2025-02-27 11:08:00 | INFO | repo=pv243-a4m36jee-2016-security-seminar | action=pull
2025-02-02 08:42:00 | INFO | repo=pv243-a4m36jee-2016-security-seminar | action=commit
2025-08-22 11:08:00 | WARN | repo=pv243-a4m36jee-2016-security-seminar | action=commit
2025-09-02 20:40:00 | INFO | repo=pv243-a4m36jee-2016-security-seminar | action=commit
2025-03-16 13:58:00 | WARN | repo=pv243-a4m36jee-2016-security-seminar | action=pull
2025-12-21 10:54:00 | DEBUG | repo=pv243-a4m36jee-2016-security-seminar | action=commit
2025-08-05 07:08:00 | DEBUG | repo=pv243-a4m36jee-2016-security-seminar | action=commit
2025-03-26 07:15:00 | DEBUG | repo=pv243-a4m36jee-2016-security-seminar | action=commit
2025-08-11 19:43:00 | DEBUG | repo=pv243-a4m36jee-2016-security-seminar | action=test | passed=true
2025-01-18 20:50:00 | WARN | repo=pv243-a4m36jee-2016-security-seminar | action=edit | files=5
2025-11-11 17:54:00 | INFO | repo=pv243-a4m36jee-2016-security-seminar | action=commit
2025-11-27 12:22:00 | INFO | repo=pv243-a4m36jee-2016-security-seminar | action=edit | files=2
2025-09-12 21:45:00 | WARN | repo=pv243-a4m36jee-2016-security-seminar | action=edit | files=5
2025-08-14 07:29:00 | WARN | repo=pv243-a4m36jee-2016-security-seminar | action=pull
2025-03-24 20:34:00 | DEBUG | repo=pv243-a4m36jee-2016-security-seminar | action=test | passed=true
2025-04-27 17:34:00 | INFO | repo=pv243-a4m36jee-2016-security-seminar | action=commit
2025-04-10 18:08:00 | WARN | repo=pv243-a4m36jee-2016-security-seminar | action=pull
2025-07-17 08:13:00 | WARN | repo=pv243-a4m36jee-2016-security-seminar | action=commit
2025-08-06 07:56:00 | DEBUG | repo=pv243-a4m36jee-2016-security-seminar | action=commit
2025-04-19 07:36:00 | INFO | repo=pv243-a4m36jee-2016-security-seminar | action=test | passed=true
2025-02-18 18:02:00 | WARN | repo=pv243-a4m36jee-2016-security-seminar | action=commit
2025-06-18 10:02:00 | INFO | repo=pv243-a4m36jee-2016-security-seminar | action=pull
2025-11-28 19:03:00 | DEBUG | repo=pv243-a4m36jee-2016-security-seminar | action=commit
2025-11-16 18:22:00 | INFO | repo=pv243-a4m36jee-2016-security-seminar | action=commit
2025-09-11 17:23:00 | INFO | repo=pv243-a4m36jee-2016-security-seminar | action=pull
2025-02-01 21:32:00 | DEBUG | repo=pv243-a4m36jee-2016-security-seminar | action=pull
2025-11-12 09:54:00 | DEBUG | repo=pv243-a4m36jee-2016-security-seminar | action=commit
2025-06-08 19:17:00 | INFO | repo=pv243-a4m36jee-2016-security-seminar | action=pull
2025-09-09 09:27:00 | WARN | repo=pv243-a4m36jee-2016-security-seminar | action=edit | files=3
2025-07-24 16:27:00 | INFO | repo=pv243-a4m36jee-2016-security-seminar | action=test | passed=true
2025-01-27 19:31:00 | DEBUG | repo=pv243-a4m36jee-2016-security-seminar | action=edit | files=5
2025-08-02 18:35:00 | DEBUG | repo=pv243-a4m36jee-2016-security-seminar | action=commit
2025-10-14 12:48:00 | WARN | repo=pv243-a4m36jee-2016-security-seminar | action=test | passed=true
2025-10-26 09:29:00 | WARN | repo=pv243-a4m36jee-2016-security-seminar | action=commit
2025-03-22 18:47:00 | DEBUG | repo=pv243-a4m36jee-2016-security-seminar | action=test | passed=true
2025-10-05 09:55:00 | DEBUG | repo=pv243-a4m36jee-2016-security-seminar | action=edit | files=2
2025-02-04 07:35:00 | DEBUG | repo=pv243-a4m36jee-2016-security-seminar | action=edit | files=4
2025-05-13 21:10:00 | WARN | repo=pv243-a4m36jee-2016-security-seminar | action=edit | files=5
2025-04-14 16:18:00 | WARN | repo=pv243-a4m36jee-2016-security-seminar | action=commit
2025-02-24 21:20:00 | INFO | repo=pv243-a4m36jee-2016-security-seminar | action=edit | files=1
2025-09-06 21:17:00 | DEBUG | repo=pv243-a4m36jee-2016-security-seminar | action=commit
2025-07-05 17:26:00 | DEBUG | repo=pv243-a4m36jee-2016-security-seminar | action=pull
2025-07-02 18:17:00 | DEBUG | repo=pv243-a4m36jee-2016-security-seminar | action=pull
2025-08-05 14:27:00 | WARN | repo=pv243-a4m36jee-2016-security-seminar | action=pull
2025-01-09 21:00:00 | DEBUG | repo=pv243-a4m36jee-2016-security-seminar | action=test | passed=true
2025-11-24 20:14:00 | INFO | repo=pv243-a4m36jee-2016-security-seminar | action=pull
2025-07-05 12:01:00 | INFO | repo=pv243-a4m36jee-2016-security-seminar | action=pull
2025-10-12 19:38:00 | WARN | repo=pv243-a4m36jee-2016-security-seminar | action=edit | files=4
2025-03-11 13:58:00 | INFO | repo=pv243-a4m36jee-2016-security-seminar | action=edit | files=5
2025-12-11 18:21:00 | WARN | repo=pv243-a4m36jee-2016-security-seminar | action=commit
2025-09-12 20:32:00 | INFO | repo=pv243-a4m36jee-2016-security-seminar | action=pull
2025-09-03 08:01:00 | DEBUG | repo=pv243-a4m36jee-2016-security-seminar | action=commit
2025-03-06 13:42:00 | DEBUG | repo=pv243-a4m36jee-2016-security-seminar | action=edit | files=4
2025-02-15 11:40:00 | WARN | repo=pv243-a4m36jee-2016-security-seminar | action=test | passed=true
2025-09-19 15:20:00 | INFO | repo=pv243-a4m36jee-2016-security-seminar | action=pull
2025-03-12 09:29:00 | WARN | repo=pv243-a4m36jee-2016-security-seminar | action=commit
2025-11-05 12:58:00 | WARN | repo=pv243-a4m36jee-2016-security-seminar | action=pull
2025-04-08 09:31:00 | WARN | repo=pv243-a4m36jee-2016-security-seminar | action=commit
2025-01-27 08:57:00 | INFO | repo=pv243-a4m36jee-2016-security-seminar | action=commit
2025-04-05 07:21:00 | INFO | repo=pv243-a4m36jee-2016-security-seminar | action=commit
2025-08-28 13:15:00 | WARN | repo=pv243-a4m36jee-2016-security-seminar | action=test | passed=true
2025-03-02 11:59:00 | WARN | repo=pv243-a4m36jee-2016-security-seminar | action=pull
2025-07-11 15:52:00 | WARN | repo=pv243-a4m36jee-2016-security-seminar | action=commit
2025-09-16 10:35:00 | DEBUG | repo=pv243-a4m36jee-2016-security-seminar | action=commit
2025-09-14 12:25:00 | WARN | repo=pv243-a4m36jee-2016-security-seminar | action=pull
2025-11-26 10:57:00 | INFO | repo=pv243-a4m36jee-2016-security-seminar | action=edit | files=2
2025-02-15 19:22:00 | WARN | repo=pv243-a4m36jee-2016-security-seminar | action=commit
2025-09-01 12:51:00 | DEBUG | repo=pv243-a4m36jee-2016-security-seminar | action=test | passed=true
2025-03-15 15:19:00 | INFO | repo=pv243-a4m36jee-2016-security-seminar | action=commit
2025-09-11 18:51:00 | INFO | repo=pv243-a4m36jee-2016-security-seminar | action=commit
2025-12-03 12:20:00 | WARN | repo=pv243-a4m36jee-2016-security-seminar | action=pull
2025-12-11 15:40:00 | INFO | repo=pv243-a4m36jee-2016-security-seminar | action=commit
2025-10-28 20:45:00 | DEBUG | repo=pv243-a4m36jee-2016-security-seminar | action=commit
2025-02-19 08:45:00 | INFO | repo=pv243-a4m36jee-2016-security-seminar | action=test | passed=true
2025-01-12 08:06:00 | WARN | repo=pv243-a4m36jee-2016-security-seminar | action=commit
2025-07-19 08:57:00 | DEBUG | repo=pv243-a4m36jee-2016-security-seminar | action=edit | files=5
2025-06-14 15:01:00 | DEBUG | repo=pv243-a4m36jee-2016-security-seminar | action=edit | files=3
2025-11-26 14:21:00 | DEBUG | repo=pv243-a4m36jee-2016-security-seminar | action=test | passed=true
2025-09-06 17:52:00 | DEBUG | repo=pv243-a4m36jee-2016-security-seminar | action=pull
2025-10-28 21:12:00 | INFO | repo=pv243-a4m36jee-2016-security-seminar | action=commit
2025-06-25 19:02:00 | INFO | repo=pv243-a4m36jee-2016-security-seminar | action=edit | files=2
2025-04-27 15:19:00 | INFO | repo=pv243-a4m36jee-2016-security-seminar | action=commit
2025-04-11 19:03:00 | WARN | repo=pv243-a4m36jee-2016-security-seminar | action=commit
2025-06-25 09:47:00 | DEBUG | repo=pv243-a4m36jee-2016-security-seminar | action=commit
2025-03-19 15:59:00 | DEBUG | repo=pv243-a4m36jee-2016-security-seminar | action=edit | files=1
2025-10-27 19:24:00 | DEBUG | repo=pv243-a4m36jee-2016-security-seminar | action=test | passed=true
2025-09-17 18:34:00 | INFO | repo=pv243-a4m36jee-2016-security-seminar | action=commit
2025-08-20 13:49:00 | DEBUG | repo=pv243-a4m36jee-2016-security-seminar | action=test | passed=true
2025-11-22 10:46:00 | WARN | repo=pv243-a4m36jee-2016-security-seminar | action=commit
2025-03-22 21:25:00 | INFO | repo=pv243-a4m36jee-2016-security-seminar | action=commit
2025-02-08 19:44:00 | INFO | repo=pv243-a4m36jee-2016-security-seminar | action=commit
2025-03-01 18:50:00 | INFO | repo=pv243-a4m36jee-2016-security-seminar | action=commit
2025-06-02 19:47:00 | INFO | repo=pv243-a4m36jee-2016-security-seminar | action=pull
2025-01-05 20:35:00 | WARN | repo=pv243-a4m36jee-2016-security-seminar | action=edit | files=1
2025-01-01 16:15:00 | INFO | repo=pv243-a4m36jee-2016-security-seminar | action=test | passed=true
2025-03-12 16:50:00 | WARN | repo=pv243-a4m36jee-2016-security-seminar | action=test | passed=true
2025-03-02 09:22:00 | WARN | repo=pv243-a4m36jee-2016-security-seminar | action=test | passed=true
2025-07-19 20:53:00 | DEBUG | repo=pv243-a4m36jee-2016-security-seminar | action=commit
2025-02-06 14:06:00 | DEBUG | repo=pv243-a4m36jee-2016-security-seminar | action=commit
2025-03-20 21:44:00 | INFO | repo=pv243-a4m36jee-2016-security-seminar | action=test | passed=true
2025-04-26 17:12:00 | WARN | repo=pv243-a4m36jee-2016-security-seminar | action=commit
2025-12-22 09:16:00 | WARN | repo=pv243-a4m36jee-2016-security-seminar | action=commit
2025-05-25 15:30:00 | WARN | repo=pv243-a4m36jee-2016-security-seminar | action=commit
2025-11-04 19:22:00 | WARN | repo=pv243-a4m36jee-2016-security-seminar | action=commit
2025-03-21 12:58:00 | WARN | repo=pv243-a4m36jee-2016-security-seminar | action=pull
2025-01-20 21:56:00 | WARN | repo=pv243-a4m36jee-2016-security-seminar | action=commit
2025-03-06 18:47:00 | INFO | repo=pv243-a4m36jee-2016-security-seminar | action=test | passed=true
2025-02-07 21:58:00 | INFO | repo=pv243-a4m36jee-2016-security-seminar | action=edit | files=1
2025-02-21 07:48:00 | WARN | repo=pv243-a4m36jee-2016-security-seminar | action=edit | files=5
2025-11-23 11:13:00 | WARN | repo=pv243-a4m36jee-2016-security-seminar | action=commit
2025-04-02 19:03:00 | DEBUG | repo=pv243-a4m36jee-2016-security-seminar | action=edit | files=4
2025-04-16 13:41:00 | WARN | repo=pv243-a4m36jee-2016-security-seminar | action=commit
2025-05-28 11:09:00 | DEBUG | repo=pv243-a4m36jee-2016-security-seminar | action=pull
2025-04-11 14:00:00 | INFO | repo=pv243-a4m36jee-2016-security-seminar | action=commit
2025-09-20 08:47:00 | WARN | repo=pv243-a4m36jee-2016-security-seminar | action=commit
2025-07-06 09:05:00 | INFO | repo=pv243-a4m36jee-2016-security-seminar | action=commit
2025-05-22 14:31:00 | WARN | repo=pv243-a4m36jee-2016-security-seminar | action=test | passed=true
2025-05-23 16:37:00 | WARN | repo=pv243-a4m36jee-2016-security-seminar | action=commit
2025-04-15 21:23:00 | INFO | repo=pv243-a4m36jee-2016-security-seminar | action=commit
2025-01-02 15:44:00 | INFO | repo=pv243-a4m36jee-2016-security-seminar | action=commit
2025-12-01 11:01:00 | WARN | repo=pv243-a4m36jee-2016-security-seminar | action=test | passed=true
2025-11-06 21:10:00 | WARN | repo=pv243-a4m36jee-2016-security-seminar | action=edit | files=2
2025-07-19 20:00:00 | DEBUG | repo=pv243-a4m36jee-2016-security-seminar | action=test | passed=true
2025-11-01 09:02:00 | INFO | repo=pv243-a4m36jee-2016-security-seminar | action=commit
2025-06-04 15:51:00 | DEBUG | repo=pv243-a4m36jee-2016-security-seminar | action=pull
2025-09-18 18:11:00 | INFO | repo=pv243-a4m36jee-2016-security-seminar | action=pull
2025-01-06 10:16:00 | DEBUG | repo=pv243-a4m36jee-2016-security-seminar | action=edit | files=3
2025-02-16 18:07:00 | DEBUG | repo=pv243-a4m36jee-2016-security-seminar | action=commit
2025-10-11 15:35:00 | DEBUG | repo=pv243-a4m36jee-2016-security-seminar | action=edit | files=1
2025-08-26 17:34:00 | WARN | repo=pv243-a4m36jee-2016-security-seminar | action=test | passed=true
2025-02-07 07:47:00 | INFO | repo=pv243-a4m36jee-2016-security-seminar | action=commit
2025-08-05 17:19:00 | INFO | repo=pv243-a4m36jee-2016-security-seminar | action=test | passed=true
2025-11-24 18:39:00 | WARN | repo=pv243-a4m36jee-2016-security-seminar | action=test | passed=true
2025-04-21 13:33:00 | WARN | repo=pv243-a4m36jee-2016-security-seminar | action=test | passed=true
2025-01-17 08:34:00 | INFO | repo=pv243-a4m36jee-2016-security-seminar | action=commit
2025-08-24 19:15:00 | DEBUG | repo=pv243-a4m36jee-2016-security-seminar | action=commit
2025-05-23 21:33:00 | WARN | repo=pv243-a4m36jee-2016-security-seminar | action=pull
2025-08-08 07:25:00 | INFO | repo=pv243-a4m36jee-2016-security-seminar | action=commit
2025-08-07 18:41:00 | WARN | repo=pv243-a4m36jee-2016-security-seminar | action=pull
2025-02-10 07:16:00 | WARN | repo=pv243-a4m36jee-2016-security-seminar | action=test | passed=true
2025-05-26 08:03:00 | INFO | repo=pv243-a4m36jee-2016-security-seminar | action=pull
2025-02-04 12:36:00 | DEBUG | repo=pv243-a4m36jee-2016-security-seminar | action=pull
2025-04-18 18:55:00 | DEBUG | repo=pv243-a4m36jee-2016-security-seminar | action=test | passed=true
2025-11-25 19:28:00 | DEBUG | repo=pv243-a4m36jee-2016-security-seminar | action=commit
2025-02-21 16:46:00 | DEBUG | repo=pv243-a4m36jee-2016-security-seminar | action=test | passed=true
2025-09-11 11:30:00 | DEBUG | repo=pv243-a4m36jee-2016-security-seminar | action=edit | files=3
2025-03-19 09:18:00 | INFO | repo=pv243-a4m36jee-2016-security-seminar | action=test | passed=true
2025-09-07 15:18:00 | INFO | repo=pv243-a4m36jee-2016-security-seminar | action=test | passed=true
2025-03-26 20:02:00 | DEBUG | repo=pv243-a4m36jee-2016-security-seminar | action=commit
2025-11-25 19:08:00 | WARN | repo=pv243-a4m36jee-2016-security-seminar | action=commit
2025-07-10 10:42:00 | WARN | repo=pv243-a4m36jee-2016-security-seminar | action=commit
2025-12-27 17:01:00 | INFO | repo=pv243-a4m36jee-2016-security-seminar | action=commit
